<?xml version="1.0" encoding="UTF-8"?>
<!-- Generated by org.testng.reporters.JUnitReportReporter -->
<testsuite hostname="DESKTOP-30MHC5G" failures="0" tests="1" name="BA340.Tests.BA340_Change_Password_Test" time="68.698" errors="0" timestamp="2023-05-05T10:09:52 IST" skipped="0">
  <testcase classname="BA340.Tests.BA340_Change_Password_Test" name="validatingChangePasswordPagewithInvalidCredentials" time="68.698"/>
  <system-out>
    <![CDATA[Reading Data From Excel
Reading Data From Excel
Reading Data From Excel
Validating Change Password Page with Invalid credentials
Taking screenshot
Test case validatingChangePasswordPagewithInvalidCredentials is passed , Good job!]]>
  </system-out>
</testsuite> <!-- BA340.Tests.BA340_Change_Password_Test -->
