<?xml version="1.0" encoding="UTF-8"?>
<!-- Generated by org.testng.reporters.JUnitReportReporter -->
<testsuite hostname="DESKTOP-30MHC5G" failures="0" tests="1" name="BA340.Tests.BA340_Login_Test" time="21.227" errors="0" timestamp="2023-05-04T18:17:38 IST" skipped="0">
  <testcase classname="BA340.Tests.BA340_Login_Test" name="ValidatingLoginPage" time="21.227"/>
  <system-out>
    <![CDATA[Validating page title
Passed valid credentials and proceed for further validation
Page Heading validation
Validating current URL
Taking screenshot
Test case ValidatingLoginPage is passed , Good job!]]>
  </system-out>
</testsuite> <!-- BA340.Tests.BA340_Login_Test -->
