<?xml version="1.0" encoding="UTF-8"?>
<!-- Generated by org.testng.reporters.JUnitReportReporter -->
<testsuite hostname="DESKTOP-30MHC5G" failures="0" tests="1" name="BA340.Tests.BA340_Forgot_Password_Test" time="33.731" errors="0" timestamp="2023-05-04T18:56:05 IST" skipped="0">
  <testcase classname="BA340.Tests.BA340_Forgot_Password_Test" name="validatingForgotPasswordPagewithInvalidCredentials" time="33.731"/>
  <system-out>
    <![CDATA[Reading Data From Excel
Taking screenshot
Reading Data From Excel
Taking screenshot
Reading Data From Excel
Taking screenshot
Reading Data From Excel
Taking screenshot
Reading Data From Excel
Taking screenshot
Taking screenshot
Test case validatingForgotPasswordPagewithInvalidCredentials is passed , Good job!]]>
  </system-out>
</testsuite> <!-- BA340.Tests.BA340_Forgot_Password_Test -->
