<?xml version="1.0" encoding="UTF-8"?>
<!-- Generated by org.testng.reporters.JUnitReportReporter -->
<testsuite hostname="DESKTOP-30MHC5G" failures="0" tests="1" name="BA340.Tests.BA340_Create_Account_Test" time="38.797" errors="0" timestamp="2023-05-04T18:30:12 IST" skipped="0">
  <testcase classname="BA340.Tests.BA340_Create_Account_Test" name="ValidatingCreateAccountPage" time="38.797"/>
  <system-out>
    <![CDATA[Validating page title
Validating current URL
Taking screenshot
Test case ValidatingCreateAccountPage is passed , Good job!]]>
  </system-out>
</testsuite> <!-- BA340.Tests.BA340_Create_Account_Test -->
