<?xml version="1.0" encoding="UTF-8"?>
<!-- Generated by org.testng.reporters.JUnitReportReporter -->
<testsuite hostname="DESKTOP-30MHC5G" failures="0" tests="1" name="BA340.Tests.BA340_SignOut_Test" time="26.839" errors="0" timestamp="2023-05-05T10:34:46 IST" skipped="0">
  <testcase classname="BA340.Tests.BA340_SignOut_Test" name="ValidatingSignOutPageNegativeScenario" time="26.839"/>
  <system-out>
    <![CDATA[Validating Sign Out functionality
Taking screenshot
Test case ValidatingSignOutPageNegativeScenario is passed , Good job!]]>
  </system-out>
</testsuite> <!-- BA340.Tests.BA340_SignOut_Test -->
