<?xml version="1.0" encoding="UTF-8"?>
<!-- Generated by org.testng.reporters.JUnitReportReporter -->
<testsuite hostname="DESKTOP-30MHC5G" failures="0" tests="1" name="BA340.Tests.BA340_Profile_Test" time="80.483" errors="0" timestamp="2023-05-04T17:39:25 IST" skipped="0">
  <testcase classname="BA340.Tests.BA340_Profile_Test" name="validatingProfilePagewithInvalidCredentials" time="80.483"/>
  <system-out>
    <![CDATA[Reading Data From Excel
Reading Data From Excel
Reading Data From Excel
Reading Data From Excel
Taking screenshot
Reading Data From Excel
Reading Data From Excel
Reading Data From Excel
Reading Data From Excel
Taking screenshot
Reading Data From Excel
Reading Data From Excel
Reading Data From Excel
Reading Data From Excel
Taking screenshot
Reading Data From Excel
Reading Data From Excel
Reading Data From Excel
Reading Data From Excel
Taking screenshot
Reading Data From Excel
Reading Data From Excel
Reading Data From Excel
Reading Data From Excel
Taking screenshot
Validating login page with Invalid credentials
Taking screenshot
Test case validatingProfilePagewithInvalidCredentials is passed , Good job!]]>
  </system-out>
</testsuite> <!-- BA340.Tests.BA340_Profile_Test -->
